<?xml version="1.0" encoding="UTF-8"?>
<!-- Generated by org.testng.reporters.JUnitXMLReporter -->
<testsuite hostname="sakshi" ignored="0" name="Test1" tests="5" failures="2" timestamp="28 Mar 2021 23:02:28 GMT" time="53.637" errors="0">
  <testcase name="loginFreeCRM" time="4.38" classname="com.sanyam.testproject.LoginPageTest"/>
  <testcase name="testSuccess" time="0.002" classname="com.sanyam.testproject.LoginPageTest"/>
  <testcase name="testCase2" time="5.774" classname="com.sanyam.testproject.LoginPageTest">
    <failure type="java.lang.AssertionError" message="The following asserts failed:
	Test Fail 1-C:\Java_Selenium_Items\My_Workspace\Repo_TestNGProjectWithJava\TestNGProjectWithJava\ScreenShot\Fail2_Mon_Mar_29_04_32_17_IST_2021.png,
	Test Fail 2">
      <![CDATA[java.lang.AssertionError: The following asserts failed:
	Test Fail 1-C:\Java_Selenium_Items\My_Workspace\Repo_TestNGProjectWithJava\TestNGProjectWithJava\ScreenShot\Fail2_Mon_Mar_29_04_32_17_IST_2021.png,
	Test Fail 2
	at com.sanyam.testproject.LoginPageTest.testCase2(LoginPageTest.java:73)
	at java.util.concurrent.FutureTask.run(FutureTask.java:266)
	at java.util.concurrent.ThreadPoolExecutor.runWorker(ThreadPoolExecutor.java:1149)
	at java.util.concurrent.ThreadPoolExecutor$Worker.run(ThreadPoolExecutor.java:624)
	at java.lang.Thread.run(Thread.java:748)
... Removed 17 stack frames]]>
    </failure>
  </testcase> <!-- testCase2 -->
  <testcase name="testCase3" time="0.008" classname="com.sanyam.testproject.LoginPageTest">
    <failure type="java.lang.AssertionError" message="Failed to check Failure Scenario">
      <![CDATA[java.lang.AssertionError: Failed to check Failure Scenario
	at com.sanyam.testproject.LoginPageTest.testCase3(LoginPageTest.java:79)
	at java.util.concurrent.FutureTask.run(FutureTask.java:266)
	at java.util.concurrent.ThreadPoolExecutor.runWorker(ThreadPoolExecutor.java:1149)
	at java.util.concurrent.ThreadPoolExecutor$Worker.run(ThreadPoolExecutor.java:624)
	at java.lang.Thread.run(Thread.java:748)
... Removed 17 stack frames]]>
    </failure>
  </testcase> <!-- testCase3 -->
  <testcase name="testSkip" time="0.007" classname="com.sanyam.testproject.LoginPageTest">
    <skipped/>
  </testcase> <!-- testSkip -->
</testsuite> <!-- Test1 -->
