<?xml version="1.0" encoding="UTF-8"?>
<!-- Generated by org.testng.reporters.JUnitXMLReporter -->
<testsuite hostname="sakshi" ignored="0" name="Regression1" tests="4" failures="1" timestamp="03 Mar 2021 20:48:38 GMT" time="25.779" errors="0">
  <testcase name="loginMercury" time="9.361" classname="com.sanyam.SeleniumProject.TestDemo"/>
  <testcase name="testCase2" time="1.284" classname="com.sanyam.SeleniumProject.TestDemo">
    <failure type="java.lang.AssertionError" message="The following asserts failed:
	Test Fail 2-C:\Java_Selenium_Items\My_Workspace\Repo_TestNGProjectWithJava\TestNGProjectWithJava\ScreenShot\Fail2_Thu_Mar_04_02_18_36_IST_2021.png,
	Test Fail 3">
      <![CDATA[java.lang.AssertionError: The following asserts failed:
Test Fail 2-C:\Java_Selenium_Items\My_Workspace\Repo_TestNGProjectWithJava\TestNGProjectWithJava\ScreenShot\Fail2_Thu_Mar_04_02_18_36_IST_2021.png,
Test Fail 3
at com.sanyam.SeleniumProject.TestDemo.testCase2(TestDemo.java:82)
... Removed 26 stack frames]]>
    </failure>
  </testcase> <!-- testCase2 -->
  <testcase name="testSkip" time="0.002" classname="com.sanyam.SeleniumProject.TestDemo">
    <skipped/>
  </testcase> <!-- testSkip -->
  <testcase name="testSuccess" time="0.002" classname="com.sanyam.SeleniumProject.TestDemo"/>
</testsuite> <!-- Regression1 -->
